<?xml version="1.0" encoding="UTF-8"?>
<!-- Generated by org.testng.reporters.JUnitReportReporter -->
<testsuite hostname="LAPTOP-J66Q2AT5" failures="0" tests="2" name="cucumberOptions.TestNgTestRunner" time="67.161" errors="0" timestamp="2022-07-28T04:25:52 IST" skipped="0">
  <testcase classname="cucumberOptions.TestNgTestRunner" name="runScenario" time="36.949"/>
  <system-out/>
  <testcase classname="cucumberOptions.TestNgTestRunner" name="runScenario" time="30.212"/>
  <system-out/>
</testsuite> <!-- cucumberOptions.TestNgTestRunner -->
